[10:40:46] [ServerMain/INFO]: [bootstrap] Running Java 21 (OpenJDK 64-Bit Server VM 21.0.8+9-LTS; Eclipse Adoptium Temurin-21.0.8+9) on Windows 11 10.0 (amd64)
[10:40:46] [ServerMain/INFO]: [bootstrap] Loading Paper 1.21-130-master@b1b5d4c (2024-08-10T10:02:42Z) for Minecraft 1.21
[10:40:48] [ServerMain/INFO]: [PluginInitializerManager] Initializing plugins...
[10:40:48] [ServerMain/INFO]: [PluginInitializerManager] Initialized 4 plugins
[10:40:48] [ServerMain/INFO]: [PluginInitializerManager] Paper plugins (1):
 - EconomyShopGUI (6.14.4)
[10:40:48] [ServerMain/INFO]: [PluginInitializerManager] Bukkit plugins (3):
 - Essentials (2.21.1), PlugManX (2.4.1), Vault (1.7.3-b131)
[10:40:52] [ServerMain/INFO]: Environment: Environment[sessionHost=https://sessionserver.mojang.com, servicesHost=https://api.minecraftservices.com, name=PROD]
[10:40:53] [ServerMain/INFO]: Loaded 1290 recipes
[10:40:53] [ServerMain/INFO]: Loaded 1399 advancements
[10:40:54] [Server thread/INFO]: Starting minecraft server version 1.21
[10:40:54] [Server thread/INFO]: Loading properties
[10:40:54] [Server thread/INFO]: This server is running Paper version 1.21-130-master@b1b5d4c (2024-08-10T10:02:42Z) (Implementing API version 1.21-R0.1-SNAPSHOT)
[10:40:55] [Server thread/INFO]: [spark] This server bundles the spark profiler. For more information please visit https://docs.papermc.io/paper/profiling
[10:40:55] [Server thread/INFO]: Server Ping Player Sample Count: 12
[10:40:55] [Server thread/INFO]: Using 4 threads for Netty based IO
[10:40:55] [Server thread/INFO]: [ChunkTaskScheduler] Chunk system is using 1 I/O threads, 3 worker threads, and population gen parallelism of 3 threads
[10:40:55] [Server thread/INFO]: Default game type: SURVIVAL
[10:40:55] [Server thread/INFO]: Generating keypair
[10:40:55] [Server thread/INFO]: Starting Minecraft server on 0.0.0.0:25565
[10:40:56] [Server thread/INFO]: Using default channel type
[10:40:56] [Server thread/INFO]: Paper: Using Java compression from Velocity.
[10:40:56] [Server thread/INFO]: Paper: Using Java cipher from Velocity.
[10:40:56] [Server thread/INFO]: [Vault] Loading server plugin Vault v1.7.3-b131
[10:40:56] [Server thread/INFO]: [Essentials] Loading server plugin Essentials v2.21.1
[10:40:56] [Server thread/INFO]: [PlugManX] Loading server plugin PlugManX v2.4.1
[10:40:56] [Server thread/INFO]: [EconomyShopGUI] Loading server plugin EconomyShopGUI v6.14.4
[10:40:56] [Server thread/INFO]: Server permissions file permissions.yml is empty, ignoring it
[10:40:56] [Server thread/INFO]: [Vault] Enabling Vault v1.7.3-b131
[10:40:56] [Server thread/INFO]: [Vault] [Economy] Essentials Economy found: Waiting
[10:40:56] [Server thread/INFO]: [Vault] [Permission] SuperPermissions loaded as backup permission system.
[10:40:57] [Server thread/INFO]: [Vault] Enabled Version 1.7.3-b131
[10:40:57] [Server thread/INFO]: [PlugManX] Enabling PlugManX v2.4.1
[10:40:57] [Server thread/WARN]: [PlugManX] ~~~~~~~~~~~~~~~~~~~~~~~~~~~~~~~~~~~~~~~~~~~~~~~~~~~~~~~~~~~~~~~~~~~~~~
[10:40:57] [Server thread/WARN]: [PlugManX] It seems like you're running on paper.
[10:40:57] [Server thread/WARN]: [PlugManX] PlugManX cannot interact with paper-plugins, yet.
[10:40:57] [Server thread/WARN]: [PlugManX] Also, if you encounter any issues, please join my discord: https://discord.gg/GxEFhVY6ff
[10:40:57] [Server thread/WARN]: [PlugManX] Or create an issue on GitHub: https://github.com/TheBlackEntity/PlugMan
[10:40:57] [Server thread/WARN]: [PlugManX] ~~~~~~~~~~~~~~~~~~~~~~~~~~~~~~~~~~~~~~~~~~~~~~~~~~~~~~~~~~~~~~~~~~~~~~
[10:40:57] [Server thread/WARN]: **** SERVER IS RUNNING IN OFFLINE/INSECURE MODE!
[10:40:57] [Server thread/WARN]: The server will make no attempt to authenticate usernames. Beware.
[10:40:57] [Server thread/WARN]: While this makes the game possible to play without internet access, it also opens up the ability for hackers to connect with any username they choose.
[10:40:57] [Server thread/WARN]: To change this, set "online-mode" to "true" in the server.properties file.
[10:40:57] [Server thread/INFO]: Preparing level "world"
[10:40:57] [Server thread/INFO]: Preparing start region for dimension minecraft:overworld
[10:40:58] [Server thread/INFO]: Time elapsed: 873 ms
[10:40:58] [Server thread/INFO]: Preparing start region for dimension minecraft:the_nether
[10:40:58] [Server thread/INFO]: Time elapsed: 119 ms
[10:40:58] [Server thread/INFO]: Preparing start region for dimension minecraft:the_end
[10:40:58] [Server thread/INFO]: Time elapsed: 56 ms
[10:40:58] [Server thread/INFO]: [Essentials] Enabling Essentials v2.21.1
[10:40:59] [Server thread/ERROR]: [Essentials] You are running an unsupported server version!
[10:41:00] [Server thread/INFO]: [Essentials] Attempting to convert old kits in config.yml to new kits.yml
[10:41:00] [Server thread/INFO]: [Essentials] No kits found to migrate.
[10:41:00] [Server thread/INFO]: [Essentials] Selected 1.17.1+ World Info Provider as the provider for WorldInfoProvider
[10:41:00] [Server thread/INFO]: [Essentials] Selected Reflection Sync Commands Provider as the provider for SyncCommandsProvider
[10:41:00] [Server thread/INFO]: [Essentials] Selected 1.14+ Sign Data Provider as the provider for SignDataProvider
[10:41:00] [Server thread/INFO]: [Essentials] Selected Paper Server State Provider as the provider for ServerStateProvider
[10:41:00] [Server thread/INFO]: [Essentials] Selected Paper Known Commands Provider as the provider for KnownCommandsProvider
[10:41:00] [Server thread/INFO]: [Essentials] Selected 1.20.6+ Potion Meta Provider as the provider for PotionMetaProvider
[10:41:00] [Server thread/INFO]: [Essentials] Selected 1.20.4+ Damage Event Provider as the provider for DamageEventProvider
[10:41:00] [Server thread/INFO]: [Essentials] Selected 1.21+ InventoryView Interface ABI Provider as the provider for InventoryViewProvider
[10:41:00] [Server thread/INFO]: [Essentials] Selected 1.12.2+ Player Locale Provider as the provider for PlayerLocaleProvider
[10:41:00] [Server thread/INFO]: [Essentials] Selected Paper Tick Count Provider as the provider for TickCountProvider
[10:41:00] [Server thread/INFO]: [Essentials] Selected Reflection Online Mode Provider as the provider for OnlineModeProvider
[10:41:00] [Server thread/INFO]: [Essentials] Selected 1.20.5+ Banner Data Provider as the provider for BannerDataProvider
[10:41:00] [Server thread/INFO]: [Essentials] Selected 1.14.4+ Persistent Data Container Provider as the provider for PersistentDataProvider
[10:41:00] [Server thread/INFO]: [Essentials] Selected Paper Serialization Provider as the provider for SerializationProvider
[10:41:00] [Server thread/INFO]: [Essentials] Selected 1.11+ Item Unbreakable Provider as the provider for ItemUnbreakableProvider
[10:41:00] [Server thread/INFO]: [Essentials] Selected 1.13+ Spawn Egg Provider as the provider for SpawnEggProvider
[10:41:00] [Server thread/INFO]: [Essentials] Selected Reflection Formatted Command Alias Provider as the provider for FormattedCommandAliasProvider
[10:41:00] [Server thread/INFO]: [Essentials] Selected Paper Container Provider as the provider for ContainerProvider
[10:41:00] [Server thread/INFO]: [Essentials] Selected 1.12+ Spawner Block Provider as the provider for SpawnerBlockProvider
[10:41:00] [Server thread/INFO]: [Essentials] Selected Paper Material Tag Provider as the provider for MaterialTagProvider
[10:41:00] [Server thread/INFO]: [Essentials] Selected Paper Biome Key Provider as the provider for BiomeKeyProvider
[10:41:00] [Server thread/INFO]: [Essentials] Selected 1.8.3+ Spawner Item Provider as the provider for SpawnerItemProvider
[10:41:00] [Server thread/INFO]: [Essentials] Loaded 43517 items from items.json.
[10:41:00] [Server thread/INFO]: [Essentials] Using locale en_US
[10:41:00] [Server thread/INFO]: [Essentials] ServerListPingEvent: Spigot iterator API
[10:41:01] [Server thread/INFO]: [Essentials] Starting Metrics. Opt-out using the global bStats config.
[10:41:01] [Server thread/INFO]: [Vault] [Economy] Essentials Economy hooked.
[10:41:01] [Server thread/INFO]: [Essentials] Using superperms-based permissions.
[10:41:01] [Server thread/INFO]: [EconomyShopGUI] Enabling EconomyShopGUI v6.14.4
[10:41:01] [Server thread/INFO]: [EconomyShopGUI] [INFO]: Using lang-en.yml as language file
[10:41:01] [Server thread/INFO]: [EconomyShopGUI] [INFO]: Completed loading 16 section configs from /sections/
[10:41:01] [Server thread/INFO]: [EconomyShopGUI] [INFO]: Completed loading 16 shop configs from /shops/
[10:41:01] [Server thread/INFO]: [EconomyShopGUI] [INFO]: Updating Shop settings...
[10:41:01] [Server thread/INFO]: [EconomyShopGUI] [INFO]: Successfully hooked into Vault and using EssentialsX Economy as economy provider
[10:41:01] [Server thread/INFO]: [EconomyShopGUI] [INFO]: Completed loading 1 economy provider(s) for all 14 shop sections.
[10:41:01] [Server thread/INFO]: [EconomyShopGUI] [INFO]: Using minecraft version 1.21...
[10:41:01] [Server thread/INFO]: [EconomyShopGUI] [INFO]: Spawner provider set to AUTO in config
[10:41:01] [Server thread/INFO]: [EconomyShopGUI] [INFO]: Automatically searching for compatible spawner provider....
[10:41:01] [Server thread/INFO]: [EconomyShopGUI] [INFO]: Failed to automatically find compatible spawner provider, using default...
[10:41:01] [Server thread/INFO]: [EconomyShopGUI] [INFO]: Debug mode is enabled.
[10:41:01] [Server thread/INFO]: [EconomyShopGUI] [INFO]: Loading all items...
[10:41:02] [Server thread/INFO]: [EconomyShopGUI] [INFO]: Initialized - Took 803ms to complete
[10:41:02] [Server thread/INFO]: [spark] Starting background profiler...
[10:41:02] [Server thread/INFO]: [spark] The async-profiler engine is not supported for your os/arch (windows11/amd64), so the built-in Java engine will be used instead.
[10:41:02] [Server thread/INFO]: Done preparing level "world" (5.116s)
[10:41:02] [Server thread/INFO]: Running delayed init tasks
[10:41:02] [Server thread/INFO]: [Essentials] Essentials found a compatible payment resolution method: Vault Compatibility Layer (v1.7.3-b131)!
[10:41:02] [Craft Scheduler Thread - 2 - Essentials/INFO]: [Essentials] Fetching version information...
[10:41:02] [Server thread/INFO]: Done (16.204s)! For help, type "help"
[10:41:02] [Server thread/INFO]: Timings Reset
[10:41:02] [Craft Scheduler Thread - 3 - Vault/INFO]: [Vault] Checking for Updates ... 
[10:41:02] [Craft Scheduler Thread - 3 - Vault/INFO]: [Vault] No new version available
[10:41:19] [User Authenticator #0/INFO]: UUID of player hientm0978 is bba8bf9c-db30-359b-9f39-914e38987488
[10:41:21] [Server thread/INFO]: hientm0978 joined the game
[10:41:21] [Server thread/INFO]: hientm0978[/[0:0:0:0:0:0:0:1]:2268] logged in with entity id 20 at ([world]-227.62654256932302, 132.74313548392368, -615.9116662823044)
[10:41:24] [Server thread/INFO]: hientm0978 issued server command: /shop
[10:41:24] [Server thread/INFO]: Environment: Environment[sessionHost=https://sessionserver.mojang.com, servicesHost=https://api.minecraftservices.com, name=PROD]
[10:41:40] [Server thread/INFO]: hientm0978 lost connection: Disconnected
[10:41:40] [Server thread/INFO]: hientm0978 left the game
[10:41:43] [Server thread/INFO]: Stopping server
[10:41:43] [Server thread/INFO]: [EconomyShopGUI] Disabling EconomyShopGUI v6.14.4
[10:41:43] [Server thread/INFO]: [PlugManX] Disabling PlugManX v2.4.1
[10:41:43] [Server thread/INFO]: [Essentials] Disabling Essentials v2.21.1
[10:41:43] [Server thread/INFO]: [Vault] [Economy] Essentials Economy unhooked.
[10:41:43] [Server thread/INFO]: [Vault] Disabling Vault v1.7.3-b131
[10:41:43] [Server thread/INFO]: Saving players
[10:41:43] [Server thread/INFO]: Saving worlds
[10:41:43] [Server thread/INFO]: Saving chunks for level 'ServerLevel[world]'/minecraft:overworld
[10:41:43] [Server thread/INFO]: [ChunkHolderManager] Waiting 60s for chunk system to halt for world 'world'
[10:41:43] [Server thread/INFO]: [ChunkHolderManager] Halted chunk system for world 'world'
[10:41:43] [Server thread/INFO]: [ChunkHolderManager] Saving all chunkholders for world 'world'
[10:41:44] [Server thread/INFO]: [ChunkHolderManager] Saved 674 block chunks, 674 entity chunks, 0 poi chunks in world 'world' in 1.02s
[10:41:44] [Server thread/INFO]: Saving chunks for level 'ServerLevel[world_nether]'/minecraft:the_nether
[10:41:44] [Server thread/INFO]: [ChunkHolderManager] Waiting 60s for chunk system to halt for world 'world_nether'
[10:41:44] [Server thread/INFO]: [ChunkHolderManager] Halted chunk system for world 'world_nether'
[10:41:44] [Server thread/INFO]: [ChunkHolderManager] Saving all chunkholders for world 'world_nether'
[10:41:45] [Server thread/INFO]: [ChunkHolderManager] Saved 49 block chunks, 49 entity chunks, 0 poi chunks in world 'world_nether' in 0.07s
[10:41:45] [Server thread/INFO]: Saving chunks for level 'ServerLevel[world_the_end]'/minecraft:the_end
[10:41:45] [Server thread/INFO]: [ChunkHolderManager] Waiting 60s for chunk system to halt for world 'world_the_end'
[10:41:45] [Server thread/INFO]: [ChunkHolderManager] Halted chunk system for world 'world_the_end'
[10:41:45] [Server thread/INFO]: [ChunkHolderManager] Saving all chunkholders for world 'world_the_end'
[10:41:45] [Server thread/INFO]: [ChunkHolderManager] Saved 49 block chunks, 49 entity chunks, 0 poi chunks in world 'world_the_end' in 0.04s
[10:41:45] [Server thread/INFO]: ThreadedAnvilChunkStorage (world): All chunks are saved
[10:41:45] [Server thread/INFO]: ThreadedAnvilChunkStorage (DIM-1): All chunks are saved
[10:41:45] [Server thread/INFO]: ThreadedAnvilChunkStorage (DIM1): All chunks are saved
[10:41:45] [Server thread/INFO]: ThreadedAnvilChunkStorage: All dimensions are saved
